<?xml version="1.0" encoding="UTF-8"?>
<testsuite name="com.jojoldu.book.springboot.domain.posts.PostsRepositoryTest" tests="2" skipped="0" failures="0" errors="0" timestamp="2021-09-14T14:32:44" hostname="DESKTOP-AIREFJV" time="0.261">
  <properties/>
  <testcase name="게시글저장_불러오기()" classname="com.jojoldu.book.springboot.domain.posts.PostsRepositoryTest" time="0.243"/>
  <testcase name="BaseTimeEntity_등록()" classname="com.jojoldu.book.springboot.domain.posts.PostsRepositoryTest" time="0.017"/>
  <system-out><![CDATA[2021-09-14 23:32:40.334  INFO 5708 --- [    Test worker] .b.t.c.SpringBootTestContextBootstrapper : Neither @ContextConfiguration nor @ContextHierarchy found for test class [com.jojoldu.book.springboot.domain.posts.PostsRepositoryTest], using SpringBootContextLoader
2021-09-14 23:32:40.336  INFO 5708 --- [    Test worker] o.s.t.c.support.AbstractContextLoader    : Could not detect default resource locations for test class [com.jojoldu.book.springboot.domain.posts.PostsRepositoryTest]: no resource found for suffixes {-context.xml, Context.groovy}.
2021-09-14 23:32:40.336  INFO 5708 --- [    Test worker] t.c.s.AnnotationConfigContextLoaderUtils : Could not detect default configuration classes for test class [com.jojoldu.book.springboot.domain.posts.PostsRepositoryTest]: PostsRepositoryTest does not declare any static, non-private, non-final, nested classes annotated with @Configuration.
2021-09-14 23:32:40.363  INFO 5708 --- [    Test worker] .b.t.c.SpringBootTestContextBootstrapper : Found @SpringBootConfiguration com.jojoldu.book.springboot.Application for test class com.jojoldu.book.springboot.domain.posts.PostsRepositoryTest
2021-09-14 23:32:40.368  INFO 5708 --- [    Test worker] .b.t.c.SpringBootTestContextBootstrapper : Loaded default TestExecutionListener class names from location [META-INF/spring.factories]: [org.springframework.security.test.context.support.WithSecurityContextTestExecutionListener, org.springframework.security.test.context.support.ReactorContextTestExecutionListener, org.springframework.boot.test.autoconfigure.restdocs.RestDocsTestExecutionListener, org.springframework.boot.test.autoconfigure.web.client.MockRestServiceServerResetTestExecutionListener, org.springframework.boot.test.autoconfigure.web.servlet.MockMvcPrintOnlyOnFailureTestExecutionListener, org.springframework.boot.test.autoconfigure.web.servlet.WebDriverTestExecutionListener, org.springframework.boot.test.autoconfigure.webservices.client.MockWebServiceServerTestExecutionListener, org.springframework.boot.test.mock.mockito.MockitoTestExecutionListener, org.springframework.boot.test.mock.mockito.ResetMocksTestExecutionListener, org.springframework.test.context.web.ServletTestExecutionListener, org.springframework.test.context.support.DirtiesContextBeforeModesTestExecutionListener, org.springframework.test.context.support.DependencyInjectionTestExecutionListener, org.springframework.test.context.support.DirtiesContextTestExecutionListener, org.springframework.test.context.transaction.TransactionalTestExecutionListener, org.springframework.test.context.jdbc.SqlScriptsTestExecutionListener, org.springframework.test.context.event.EventPublishingTestExecutionListener]
2021-09-14 23:32:40.370  INFO 5708 --- [    Test worker] .b.t.c.SpringBootTestContextBootstrapper : Using TestExecutionListeners: [org.springframework.test.context.web.ServletTestExecutionListener@677c293c, org.springframework.test.context.support.DirtiesContextBeforeModesTestExecutionListener@5bb7fb18, org.springframework.boot.test.mock.mockito.MockitoTestExecutionListener@758dc3fb, org.springframework.boot.test.autoconfigure.SpringBootDependencyInjectionTestExecutionListener@65f7db9b, org.springframework.test.context.support.DirtiesContextTestExecutionListener@63443bd0, org.springframework.test.context.transaction.TransactionalTestExecutionListener@7cf639b, org.springframework.test.context.jdbc.SqlScriptsTestExecutionListener@1cc6fa82, org.springframework.security.test.context.support.WithSecurityContextTestExecutionListener@47b6d182, org.springframework.test.context.event.EventPublishingTestExecutionListener@56ef81f, org.springframework.security.test.context.support.ReactorContextTestExecutionListener@79419092, org.springframework.boot.test.autoconfigure.restdocs.RestDocsTestExecutionListener@527877d2, org.springframework.boot.test.autoconfigure.web.client.MockRestServiceServerResetTestExecutionListener@23b396de, org.springframework.boot.test.autoconfigure.web.servlet.MockMvcPrintOnlyOnFailureTestExecutionListener@516f3cb7, org.springframework.boot.test.autoconfigure.web.servlet.WebDriverTestExecutionListener@245ff308, org.springframework.boot.test.autoconfigure.webservices.client.MockWebServiceServerTestExecutionListener@3588c6b6, org.springframework.boot.test.mock.mockito.ResetMocksTestExecutionListener@a32b3bf]

  .   ____          _            __ _ _
 /\\ / ___'_ __ _ _(_)_ __  __ _ \ \ \ \
( ( )\___ | '_ | '_| | '_ \/ _` | \ \ \ \
 \\/  ___)| |_)| | | | | || (_| |  ) ) ) )
  '  |____| .__|_| |_|_| |_\__, | / / / /
 =========|_|==============|___/=/_/_/_/
 :: Spring Boot ::                (v2.4.1)

2021-09-14 23:32:40.435  INFO 5708 --- [    Test worker] c.j.b.s.d.posts.PostsRepositoryTest      : Starting PostsRepositoryTest using Java 1.8.0_191 on DESKTOP-AIREFJV with PID 5708 (started by admin in C:\Users\admin\IdeaProjects\AWSWebProject)
2021-09-14 23:32:40.437  INFO 5708 --- [    Test worker] c.j.b.s.d.posts.PostsRepositoryTest      : No active profile set, falling back to default profiles: default
2021-09-14 23:32:40.965  INFO 5708 --- [    Test worker] .s.d.r.c.RepositoryConfigurationDelegate : Bootstrapping Spring Data JPA repositories in DEFAULT mode.
2021-09-14 23:32:41.072  INFO 5708 --- [    Test worker] .s.d.r.c.RepositoryConfigurationDelegate : Finished Spring Data repository scanning in 104 ms. Found 2 JPA repository interfaces.
2021-09-14 23:32:41.560  INFO 5708 --- [    Test worker] com.zaxxer.hikari.HikariDataSource       : HikariPool-2 - Starting...
2021-09-14 23:32:41.564  INFO 5708 --- [    Test worker] com.zaxxer.hikari.HikariDataSource       : HikariPool-2 - Start completed.
2021-09-14 23:32:41.619  INFO 5708 --- [    Test worker] o.hibernate.jpa.internal.util.LogHelper  : HHH000204: Processing PersistenceUnitInfo [name: default]
2021-09-14 23:32:41.637  INFO 5708 --- [    Test worker] org.hibernate.dialect.Dialect            : HHH000400: Using dialect: org.hibernate.dialect.MySQL57Dialect
2021-09-14 23:32:41.813  INFO 5708 --- [    Test worker] o.h.e.t.j.p.i.JtaPlatformInitiator       : HHH000490: Using JtaPlatform implementation: [org.hibernate.engine.transaction.jta.platform.internal.NoJtaPlatform]
2021-09-14 23:32:41.813  INFO 5708 --- [    Test worker] j.LocalContainerEntityManagerFactoryBean : Initialized JPA EntityManagerFactory for persistence unit 'default'
2021-09-14 23:32:42.429  WARN 5708 --- [    Test worker] JpaBaseConfiguration$JpaWebConfiguration : spring.jpa.open-in-view is enabled by default. Therefore, database queries may be performed during view rendering. Explicitly configure spring.jpa.open-in-view to disable this warning
2021-09-14 23:32:43.097  INFO 5708 --- [    Test worker] o.s.s.web.DefaultSecurityFilterChain     : Will secure any request with [org.springframework.security.web.context.request.async.WebAsyncManagerIntegrationFilter@58f6b4f2, org.springframework.security.web.context.SecurityContextPersistenceFilter@4e480fdc, org.springframework.security.web.header.HeaderWriterFilter@14fabd5c, org.springframework.security.web.authentication.logout.LogoutFilter@390519, org.springframework.security.oauth2.client.web.OAuth2AuthorizationRequestRedirectFilter@5a210283, org.springframework.security.oauth2.client.web.OAuth2LoginAuthenticationFilter@7b494d05, org.springframework.security.web.authentication.ui.DefaultLoginPageGeneratingFilter@757fa6ef, org.springframework.security.web.authentication.ui.DefaultLogoutPageGeneratingFilter@d2d8097, org.springframework.security.web.savedrequest.RequestCacheAwareFilter@4ff69e7c, org.springframework.security.web.servletapi.SecurityContextHolderAwareRequestFilter@e27ca83, org.springframework.security.web.authentication.AnonymousAuthenticationFilter@5fcaaeab, org.springframework.security.web.session.SessionManagementFilter@7c50fe66, org.springframework.security.web.access.ExceptionTranslationFilter@f81d7ce, org.springframework.security.web.access.intercept.FilterSecurityInterceptor@5280e1ca]
2021-09-14 23:32:43.464  INFO 5708 --- [    Test worker] o.s.s.concurrent.ThreadPoolTaskExecutor  : Initializing ExecutorService 'applicationTaskExecutor'
2021-09-14 23:32:43.529  INFO 5708 --- [    Test worker] o.s.b.a.w.s.WelcomePageHandlerMapping    : Adding welcome page template: index
2021-09-14 23:32:44.132  INFO 5708 --- [    Test worker] s.a.ScheduledAnnotationBeanPostProcessor : No TaskScheduler/ScheduledExecutorService bean found for scheduled processing
2021-09-14 23:32:44.135  INFO 5708 --- [    Test worker] c.j.b.s.d.posts.PostsRepositoryTest      : Started PostsRepositoryTest in 3.752 seconds (JVM running for 20.554)
>>>>>>> createDate=2021-09-14T23:32:44.412, modifedDate=2021-09-14T23:32:44.412
]]></system-out>
  <system-err><![CDATA[]]></system-err>
</testsuite>
