<?xml version="1.0" encoding="UTF-8"?>
<testsuite name="com.jojoldu.book.springboot.web.HelloControllerTest" tests="2" skipped="0" failures="0" errors="0" timestamp="2021-09-14T14:32:46" hostname="DESKTOP-AIREFJV" time="0.23">
  <properties/>
  <testcase name="hello가_리턴된다()" classname="com.jojoldu.book.springboot.web.HelloControllerTest" time="0.068"/>
  <testcase name="helloDto가_리턴된다()" classname="com.jojoldu.book.springboot.web.HelloControllerTest" time="0.16"/>
  <system-out><![CDATA[2021-09-14 23:32:44.444  INFO 5708 --- [    Test worker] .b.t.a.w.s.WebMvcTestContextBootstrapper : Neither @ContextConfiguration nor @ContextHierarchy found for test class [com.jojoldu.book.springboot.web.HelloControllerTest], using SpringBootContextLoader
2021-09-14 23:32:44.446  INFO 5708 --- [    Test worker] o.s.t.c.support.AbstractContextLoader    : Could not detect default resource locations for test class [com.jojoldu.book.springboot.web.HelloControllerTest]: no resource found for suffixes {-context.xml, Context.groovy}.
2021-09-14 23:32:44.447  INFO 5708 --- [    Test worker] t.c.s.AnnotationConfigContextLoaderUtils : Could not detect default configuration classes for test class [com.jojoldu.book.springboot.web.HelloControllerTest]: HelloControllerTest does not declare any static, non-private, non-final, nested classes annotated with @Configuration.
2021-09-14 23:32:44.472  INFO 5708 --- [    Test worker] .b.t.c.SpringBootTestContextBootstrapper : Found @SpringBootConfiguration com.jojoldu.book.springboot.Application for test class com.jojoldu.book.springboot.web.HelloControllerTest
2021-09-14 23:32:44.474  INFO 5708 --- [    Test worker] .b.t.a.w.s.WebMvcTestContextBootstrapper : Loaded default TestExecutionListener class names from location [META-INF/spring.factories]: [org.springframework.security.test.context.support.WithSecurityContextTestExecutionListener, org.springframework.security.test.context.support.ReactorContextTestExecutionListener, org.springframework.boot.test.autoconfigure.restdocs.RestDocsTestExecutionListener, org.springframework.boot.test.autoconfigure.web.client.MockRestServiceServerResetTestExecutionListener, org.springframework.boot.test.autoconfigure.web.servlet.MockMvcPrintOnlyOnFailureTestExecutionListener, org.springframework.boot.test.autoconfigure.web.servlet.WebDriverTestExecutionListener, org.springframework.boot.test.autoconfigure.webservices.client.MockWebServiceServerTestExecutionListener, org.springframework.boot.test.mock.mockito.MockitoTestExecutionListener, org.springframework.boot.test.mock.mockito.ResetMocksTestExecutionListener, org.springframework.test.context.web.ServletTestExecutionListener, org.springframework.test.context.support.DirtiesContextBeforeModesTestExecutionListener, org.springframework.test.context.support.DependencyInjectionTestExecutionListener, org.springframework.test.context.support.DirtiesContextTestExecutionListener, org.springframework.test.context.transaction.TransactionalTestExecutionListener, org.springframework.test.context.jdbc.SqlScriptsTestExecutionListener, org.springframework.test.context.event.EventPublishingTestExecutionListener]
2021-09-14 23:32:44.476  INFO 5708 --- [    Test worker] .b.t.a.w.s.WebMvcTestContextBootstrapper : Using TestExecutionListeners: [org.springframework.test.context.web.ServletTestExecutionListener@5eca6f0d, org.springframework.test.context.support.DirtiesContextBeforeModesTestExecutionListener@838ed72, org.springframework.boot.test.mock.mockito.MockitoTestExecutionListener@11140e11, org.springframework.boot.test.autoconfigure.SpringBootDependencyInjectionTestExecutionListener@725a0096, org.springframework.test.context.support.DirtiesContextTestExecutionListener@7f65bbd7, org.springframework.test.context.transaction.TransactionalTestExecutionListener@30798a34, org.springframework.test.context.jdbc.SqlScriptsTestExecutionListener@12c7eac, org.springframework.security.test.context.support.WithSecurityContextTestExecutionListener@23d080af, org.springframework.test.context.event.EventPublishingTestExecutionListener@71b93c01, org.springframework.security.test.context.support.ReactorContextTestExecutionListener@ded2028, org.springframework.boot.test.autoconfigure.restdocs.RestDocsTestExecutionListener@6fd6f627, org.springframework.boot.test.autoconfigure.web.client.MockRestServiceServerResetTestExecutionListener@48a4d68a, org.springframework.boot.test.autoconfigure.web.servlet.MockMvcPrintOnlyOnFailureTestExecutionListener@70c5a2ab, org.springframework.boot.test.autoconfigure.web.servlet.WebDriverTestExecutionListener@14cd30fb, org.springframework.boot.test.autoconfigure.webservices.client.MockWebServiceServerTestExecutionListener@4c729b8b, org.springframework.boot.test.mock.mockito.ResetMocksTestExecutionListener@228c1409]

  .   ____          _            __ _ _
 /\\ / ___'_ __ _ _(_)_ __  __ _ \ \ \ \
( ( )\___ | '_ | '_| | '_ \/ _` | \ \ \ \
 \\/  ___)| |_)| | | | | || (_| |  ) ) ) )
  '  |____| .__|_| |_|_| |_\__, | / / / /
 =========|_|==============|___/=/_/_/_/
 :: Spring Boot ::                (v2.4.1)

2021-09-14 23:32:44.547  INFO 5708 --- [    Test worker] c.j.b.s.web.HelloControllerTest          : Starting HelloControllerTest using Java 1.8.0_191 on DESKTOP-AIREFJV with PID 5708 (started by admin in C:\Users\admin\IdeaProjects\AWSWebProject)
2021-09-14 23:32:44.548  INFO 5708 --- [    Test worker] c.j.b.s.web.HelloControllerTest          : No active profile set, falling back to default profiles: default
2021-09-14 23:32:45.443  INFO 5708 --- [    Test worker] o.s.s.concurrent.ThreadPoolTaskExecutor  : Initializing ExecutorService 'applicationTaskExecutor'
2021-09-14 23:32:45.508  INFO 5708 --- [    Test worker] o.s.b.a.w.s.WelcomePageHandlerMapping    : Adding welcome page template: index
2021-09-14 23:32:46.173  INFO 5708 --- [    Test worker] o.s.s.web.DefaultSecurityFilterChain     : Will secure any request with [org.springframework.security.web.context.request.async.WebAsyncManagerIntegrationFilter@2fe94eae, org.springframework.security.web.context.SecurityContextPersistenceFilter@31773b9b, org.springframework.security.web.header.HeaderWriterFilter@7f8af7e4, org.springframework.security.web.csrf.CsrfFilter@72b6ed08, org.springframework.security.web.authentication.logout.LogoutFilter@813ca93, org.springframework.security.oauth2.client.web.OAuth2AuthorizationRequestRedirectFilter@689a2bda, org.springframework.security.oauth2.client.web.OAuth2AuthorizationRequestRedirectFilter@660b3e3d, org.springframework.security.oauth2.client.web.OAuth2LoginAuthenticationFilter@103d2c61, org.springframework.security.web.authentication.ui.DefaultLoginPageGeneratingFilter@2f701d75, org.springframework.security.web.authentication.ui.DefaultLogoutPageGeneratingFilter@7cb2a059, org.springframework.security.web.savedrequest.RequestCacheAwareFilter@1e572276, org.springframework.security.web.servletapi.SecurityContextHolderAwareRequestFilter@364ad38f, org.springframework.security.web.authentication.AnonymousAuthenticationFilter@6db4c445, org.springframework.security.oauth2.client.web.OAuth2AuthorizationCodeGrantFilter@13f05ce6, org.springframework.security.web.session.SessionManagementFilter@3a118bb0, org.springframework.security.web.access.ExceptionTranslationFilter@67c918c3, org.springframework.security.web.access.intercept.FilterSecurityInterceptor@7280981b]
2021-09-14 23:32:46.304  INFO 5708 --- [    Test worker] o.s.b.t.m.w.SpringBootMockServletContext : Initializing Spring TestDispatcherServlet ''
2021-09-14 23:32:46.304  INFO 5708 --- [    Test worker] o.s.t.web.servlet.TestDispatcherServlet  : Initializing Servlet ''
2021-09-14 23:32:46.305  INFO 5708 --- [    Test worker] o.s.t.web.servlet.TestDispatcherServlet  : Completed initialization in 1 ms
2021-09-14 23:32:46.335  INFO 5708 --- [    Test worker] c.j.b.s.web.HelloControllerTest          : Started HelloControllerTest in 1.854 seconds (JVM running for 22.754)
]]></system-out>
  <system-err><![CDATA[]]></system-err>
</testsuite>
