<?xml version="1.0" encoding="UTF-8"?>
<testsuite name="com.jojoldu.book.springboot.web.IndexControllerTest" tests="1" skipped="0" failures="0" errors="0" timestamp="2021-09-13T11:37:46" hostname="DESKTOP-AIREFJV" time="0.372">
  <properties/>
  <testcase name="메인페이지_로딩()" classname="com.jojoldu.book.springboot.web.IndexControllerTest" time="0.372"/>
  <system-out><![CDATA[2021-09-13 20:37:42.639  INFO 2948 --- [    Test worker] .b.t.c.SpringBootTestContextBootstrapper : Neither @ContextConfiguration nor @ContextHierarchy found for test class [com.jojoldu.book.springboot.web.IndexControllerTest], using SpringBootContextLoader
2021-09-13 20:37:42.642  INFO 2948 --- [    Test worker] o.s.t.c.support.AbstractContextLoader    : Could not detect default resource locations for test class [com.jojoldu.book.springboot.web.IndexControllerTest]: no resource found for suffixes {-context.xml, Context.groovy}.
2021-09-13 20:37:42.643  INFO 2948 --- [    Test worker] t.c.s.AnnotationConfigContextLoaderUtils : Could not detect default configuration classes for test class [com.jojoldu.book.springboot.web.IndexControllerTest]: IndexControllerTest does not declare any static, non-private, non-final, nested classes annotated with @Configuration.
2021-09-13 20:37:42.672  INFO 2948 --- [    Test worker] .b.t.c.SpringBootTestContextBootstrapper : Found @SpringBootConfiguration com.jojoldu.book.springboot.Application for test class com.jojoldu.book.springboot.web.IndexControllerTest
2021-09-13 20:37:42.681  INFO 2948 --- [    Test worker] .b.t.c.SpringBootTestContextBootstrapper : Loaded default TestExecutionListener class names from location [META-INF/spring.factories]: [org.springframework.security.test.context.support.WithSecurityContextTestExecutionListener, org.springframework.security.test.context.support.ReactorContextTestExecutionListener, org.springframework.boot.test.autoconfigure.restdocs.RestDocsTestExecutionListener, org.springframework.boot.test.autoconfigure.web.client.MockRestServiceServerResetTestExecutionListener, org.springframework.boot.test.autoconfigure.web.servlet.MockMvcPrintOnlyOnFailureTestExecutionListener, org.springframework.boot.test.autoconfigure.web.servlet.WebDriverTestExecutionListener, org.springframework.boot.test.autoconfigure.webservices.client.MockWebServiceServerTestExecutionListener, org.springframework.boot.test.mock.mockito.MockitoTestExecutionListener, org.springframework.boot.test.mock.mockito.ResetMocksTestExecutionListener, org.springframework.test.context.web.ServletTestExecutionListener, org.springframework.test.context.support.DirtiesContextBeforeModesTestExecutionListener, org.springframework.test.context.support.DependencyInjectionTestExecutionListener, org.springframework.test.context.support.DirtiesContextTestExecutionListener, org.springframework.test.context.transaction.TransactionalTestExecutionListener, org.springframework.test.context.jdbc.SqlScriptsTestExecutionListener, org.springframework.test.context.event.EventPublishingTestExecutionListener]
2021-09-13 20:37:42.686  INFO 2948 --- [    Test worker] .b.t.c.SpringBootTestContextBootstrapper : Using TestExecutionListeners: [org.springframework.test.context.web.ServletTestExecutionListener@776a3b13, org.springframework.test.context.support.DirtiesContextBeforeModesTestExecutionListener@72c10069, org.springframework.boot.test.mock.mockito.MockitoTestExecutionListener@5949c540, org.springframework.boot.test.autoconfigure.SpringBootDependencyInjectionTestExecutionListener@3af3923c, org.springframework.test.context.support.DirtiesContextTestExecutionListener@1ce784d2, org.springframework.test.context.transaction.TransactionalTestExecutionListener@66df1d6f, org.springframework.test.context.jdbc.SqlScriptsTestExecutionListener@712bb731, org.springframework.security.test.context.support.WithSecurityContextTestExecutionListener@57efb95a, org.springframework.test.context.event.EventPublishingTestExecutionListener@778e6661, org.springframework.security.test.context.support.ReactorContextTestExecutionListener@6924299a, org.springframework.boot.test.autoconfigure.restdocs.RestDocsTestExecutionListener@451a89b0, org.springframework.boot.test.autoconfigure.web.client.MockRestServiceServerResetTestExecutionListener@6f15dd20, org.springframework.boot.test.autoconfigure.web.servlet.MockMvcPrintOnlyOnFailureTestExecutionListener@6b2c13cd, org.springframework.boot.test.autoconfigure.web.servlet.WebDriverTestExecutionListener@230c8fcb, org.springframework.boot.test.autoconfigure.webservices.client.MockWebServiceServerTestExecutionListener@324ad513, org.springframework.boot.test.mock.mockito.ResetMocksTestExecutionListener@73f7f2a7]

  .   ____          _            __ _ _
 /\\ / ___'_ __ _ _(_)_ __  __ _ \ \ \ \
( ( )\___ | '_ | '_| | '_ \/ _` | \ \ \ \
 \\/  ___)| |_)| | | | | || (_| |  ) ) ) )
  '  |____| .__|_| |_|_| |_\__, | / / / /
 =========|_|==============|___/=/_/_/_/
 :: Spring Boot ::                (v2.4.1)

2021-09-13 20:37:42.755  INFO 2948 --- [    Test worker] c.j.b.s.web.IndexControllerTest          : Starting IndexControllerTest using Java 1.8.0_191 on DESKTOP-AIREFJV with PID 2948 (started by admin in C:\Users\admin\IdeaProjects\AWSWebProject)
2021-09-13 20:37:42.756  INFO 2948 --- [    Test worker] c.j.b.s.web.IndexControllerTest          : No active profile set, falling back to default profiles: default
2021-09-13 20:37:43.194  INFO 2948 --- [    Test worker] .s.d.r.c.RepositoryConfigurationDelegate : Bootstrapping Spring Data JPA repositories in DEFAULT mode.
2021-09-13 20:37:43.242  INFO 2948 --- [    Test worker] .s.d.r.c.RepositoryConfigurationDelegate : Finished Spring Data repository scanning in 48 ms. Found 2 JPA repository interfaces.
2021-09-13 20:37:43.824  INFO 2948 --- [    Test worker] o.s.b.w.embedded.tomcat.TomcatWebServer  : Tomcat initialized with port(s): 0 (http)
2021-09-13 20:37:43.848  INFO 2948 --- [    Test worker] o.apache.catalina.core.StandardService   : Starting service [Tomcat]
2021-09-13 20:37:43.849  INFO 2948 --- [    Test worker] org.apache.catalina.core.StandardEngine  : Starting Servlet engine: [Apache Tomcat/9.0.41]
2021-09-13 20:37:44.130  INFO 2948 --- [    Test worker] o.a.c.c.C.[Tomcat].[localhost].[/]       : Initializing Spring embedded WebApplicationContext
2021-09-13 20:37:44.131  INFO 2948 --- [    Test worker] w.s.c.ServletWebServerApplicationContext : Root WebApplicationContext: initialization completed in 1370 ms
2021-09-13 20:37:44.411  INFO 2948 --- [    Test worker] com.zaxxer.hikari.HikariDataSource       : HikariPool-2 - Starting...
2021-09-13 20:37:44.413  INFO 2948 --- [    Test worker] com.zaxxer.hikari.HikariDataSource       : HikariPool-2 - Start completed.
2021-09-13 20:37:44.478  INFO 2948 --- [    Test worker] o.hibernate.jpa.internal.util.LogHelper  : HHH000204: Processing PersistenceUnitInfo [name: default]
2021-09-13 20:37:44.493  INFO 2948 --- [    Test worker] org.hibernate.dialect.Dialect            : HHH000400: Using dialect: org.hibernate.dialect.MySQL57Dialect
2021-09-13 20:37:44.608  INFO 2948 --- [    Test worker] o.h.e.t.j.p.i.JtaPlatformInitiator       : HHH000490: Using JtaPlatform implementation: [org.hibernate.engine.transaction.jta.platform.internal.NoJtaPlatform]
2021-09-13 20:37:44.609  INFO 2948 --- [    Test worker] j.LocalContainerEntityManagerFactoryBean : Initialized JPA EntityManagerFactory for persistence unit 'default'
2021-09-13 20:37:45.059  WARN 2948 --- [    Test worker] JpaBaseConfiguration$JpaWebConfiguration : spring.jpa.open-in-view is enabled by default. Therefore, database queries may be performed during view rendering. Explicitly configure spring.jpa.open-in-view to disable this warning
2021-09-13 20:37:45.428  INFO 2948 --- [    Test worker] o.s.s.web.DefaultSecurityFilterChain     : Will secure any request with [org.springframework.security.web.context.request.async.WebAsyncManagerIntegrationFilter@3a847bf7, org.springframework.security.web.context.SecurityContextPersistenceFilter@3e3c9fef, org.springframework.security.web.header.HeaderWriterFilter@7cf52de2, org.springframework.security.web.authentication.logout.LogoutFilter@1ee9b03a, org.springframework.security.oauth2.client.web.OAuth2AuthorizationRequestRedirectFilter@5d7aacb5, org.springframework.security.oauth2.client.web.OAuth2LoginAuthenticationFilter@17f51db3, org.springframework.security.web.authentication.ui.DefaultLoginPageGeneratingFilter@3cfac1f8, org.springframework.security.web.authentication.ui.DefaultLogoutPageGeneratingFilter@32c87114, org.springframework.security.web.savedrequest.RequestCacheAwareFilter@60531435, org.springframework.security.web.servletapi.SecurityContextHolderAwareRequestFilter@351cbfe0, org.springframework.security.web.authentication.AnonymousAuthenticationFilter@3adf7cfc, org.springframework.security.web.session.SessionManagementFilter@1e52e7bc, org.springframework.security.web.access.ExceptionTranslationFilter@3bdcbda0, org.springframework.security.web.access.intercept.FilterSecurityInterceptor@700f197a]
2021-09-13 20:37:45.668  INFO 2948 --- [    Test worker] o.s.s.concurrent.ThreadPoolTaskExecutor  : Initializing ExecutorService 'applicationTaskExecutor'
2021-09-13 20:37:45.734  INFO 2948 --- [    Test worker] o.s.b.a.w.s.WelcomePageHandlerMapping    : Adding welcome page template: index
2021-09-13 20:37:46.203  INFO 2948 --- [    Test worker] o.s.b.w.embedded.tomcat.TomcatWebServer  : Tomcat started on port(s): 60832 (http) with context path ''
2021-09-13 20:37:46.208  INFO 2948 --- [    Test worker] s.a.ScheduledAnnotationBeanPostProcessor : No TaskScheduler/ScheduledExecutorService bean found for scheduled processing
2021-09-13 20:37:46.210  INFO 2948 --- [    Test worker] c.j.b.s.web.IndexControllerTest          : Started IndexControllerTest in 3.519 seconds (JVM running for 16.922)
2021-09-13 20:37:46.418  INFO 2948 --- [o-auto-1-exec-1] o.a.c.c.C.[Tomcat].[localhost].[/]       : Initializing Spring DispatcherServlet 'dispatcherServlet'
2021-09-13 20:37:46.419  INFO 2948 --- [o-auto-1-exec-1] o.s.web.servlet.DispatcherServlet        : Initializing Servlet 'dispatcherServlet'
2021-09-13 20:37:46.420  INFO 2948 --- [o-auto-1-exec-1] o.s.web.servlet.DispatcherServlet        : Completed initialization in 1 ms
]]></system-out>
  <system-err><![CDATA[]]></system-err>
</testsuite>
