<?xml version="1.0" encoding="UTF-8"?>
<testsuite name="com.jojoldu.book.springboot.web.HelloControllerTest" tests="2" skipped="0" failures="0" errors="0" timestamp="2021-09-13T11:37:48" hostname="DESKTOP-AIREFJV" time="0.127">
  <properties/>
  <testcase name="hello가_리턴된다()" classname="com.jojoldu.book.springboot.web.HelloControllerTest" time="0.034"/>
  <testcase name="helloDto가_리턴된다()" classname="com.jojoldu.book.springboot.web.HelloControllerTest" time="0.091"/>
  <system-out><![CDATA[2021-09-13 20:37:47.037  INFO 2948 --- [    Test worker] .b.t.a.w.s.WebMvcTestContextBootstrapper : Neither @ContextConfiguration nor @ContextHierarchy found for test class [com.jojoldu.book.springboot.web.HelloControllerTest], using SpringBootContextLoader
2021-09-13 20:37:47.039  INFO 2948 --- [    Test worker] o.s.t.c.support.AbstractContextLoader    : Could not detect default resource locations for test class [com.jojoldu.book.springboot.web.HelloControllerTest]: no resource found for suffixes {-context.xml, Context.groovy}.
2021-09-13 20:37:47.039  INFO 2948 --- [    Test worker] t.c.s.AnnotationConfigContextLoaderUtils : Could not detect default configuration classes for test class [com.jojoldu.book.springboot.web.HelloControllerTest]: HelloControllerTest does not declare any static, non-private, non-final, nested classes annotated with @Configuration.
2021-09-13 20:37:47.089  INFO 2948 --- [    Test worker] .b.t.c.SpringBootTestContextBootstrapper : Found @SpringBootConfiguration com.jojoldu.book.springboot.Application for test class com.jojoldu.book.springboot.web.HelloControllerTest
2021-09-13 20:37:47.091  INFO 2948 --- [    Test worker] .b.t.a.w.s.WebMvcTestContextBootstrapper : Loaded default TestExecutionListener class names from location [META-INF/spring.factories]: [org.springframework.security.test.context.support.WithSecurityContextTestExecutionListener, org.springframework.security.test.context.support.ReactorContextTestExecutionListener, org.springframework.boot.test.autoconfigure.restdocs.RestDocsTestExecutionListener, org.springframework.boot.test.autoconfigure.web.client.MockRestServiceServerResetTestExecutionListener, org.springframework.boot.test.autoconfigure.web.servlet.MockMvcPrintOnlyOnFailureTestExecutionListener, org.springframework.boot.test.autoconfigure.web.servlet.WebDriverTestExecutionListener, org.springframework.boot.test.autoconfigure.webservices.client.MockWebServiceServerTestExecutionListener, org.springframework.boot.test.mock.mockito.MockitoTestExecutionListener, org.springframework.boot.test.mock.mockito.ResetMocksTestExecutionListener, org.springframework.test.context.web.ServletTestExecutionListener, org.springframework.test.context.support.DirtiesContextBeforeModesTestExecutionListener, org.springframework.test.context.support.DependencyInjectionTestExecutionListener, org.springframework.test.context.support.DirtiesContextTestExecutionListener, org.springframework.test.context.transaction.TransactionalTestExecutionListener, org.springframework.test.context.jdbc.SqlScriptsTestExecutionListener, org.springframework.test.context.event.EventPublishingTestExecutionListener]
2021-09-13 20:37:47.093  INFO 2948 --- [    Test worker] .b.t.a.w.s.WebMvcTestContextBootstrapper : Using TestExecutionListeners: [org.springframework.test.context.web.ServletTestExecutionListener@55fb5e4e, org.springframework.test.context.support.DirtiesContextBeforeModesTestExecutionListener@3b85f78e, org.springframework.boot.test.mock.mockito.MockitoTestExecutionListener@59a689b2, org.springframework.boot.test.autoconfigure.SpringBootDependencyInjectionTestExecutionListener@2c564ed7, org.springframework.test.context.support.DirtiesContextTestExecutionListener@23506c3d, org.springframework.test.context.transaction.TransactionalTestExecutionListener@37fdd65e, org.springframework.test.context.jdbc.SqlScriptsTestExecutionListener@5a7b320a, org.springframework.security.test.context.support.WithSecurityContextTestExecutionListener@44c5ff64, org.springframework.test.context.event.EventPublishingTestExecutionListener@64544245, org.springframework.security.test.context.support.ReactorContextTestExecutionListener@3d4237b7, org.springframework.boot.test.autoconfigure.restdocs.RestDocsTestExecutionListener@3eaaa977, org.springframework.boot.test.autoconfigure.web.client.MockRestServiceServerResetTestExecutionListener@55ff5f19, org.springframework.boot.test.autoconfigure.web.servlet.MockMvcPrintOnlyOnFailureTestExecutionListener@13ff6989, org.springframework.boot.test.autoconfigure.web.servlet.WebDriverTestExecutionListener@3fac0bce, org.springframework.boot.test.autoconfigure.webservices.client.MockWebServiceServerTestExecutionListener@54a6fc5d, org.springframework.boot.test.mock.mockito.ResetMocksTestExecutionListener@7b8e7647]

  .   ____          _            __ _ _
 /\\ / ___'_ __ _ _(_)_ __  __ _ \ \ \ \
( ( )\___ | '_ | '_| | '_ \/ _` | \ \ \ \
 \\/  ___)| |_)| | | | | || (_| |  ) ) ) )
  '  |____| .__|_| |_|_| |_\__, | / / / /
 =========|_|==============|___/=/_/_/_/
 :: Spring Boot ::                (v2.4.1)

2021-09-13 20:37:47.181  INFO 2948 --- [    Test worker] c.j.b.s.web.HelloControllerTest          : Starting HelloControllerTest using Java 1.8.0_191 on DESKTOP-AIREFJV with PID 2948 (started by admin in C:\Users\admin\IdeaProjects\AWSWebProject)
2021-09-13 20:37:47.182  INFO 2948 --- [    Test worker] c.j.b.s.web.HelloControllerTest          : No active profile set, falling back to default profiles: default
2021-09-13 20:37:47.897  INFO 2948 --- [    Test worker] o.s.s.concurrent.ThreadPoolTaskExecutor  : Initializing ExecutorService 'applicationTaskExecutor'
2021-09-13 20:37:47.965  INFO 2948 --- [    Test worker] o.s.b.a.w.s.WelcomePageHandlerMapping    : Adding welcome page template: index
2021-09-13 20:37:48.629  INFO 2948 --- [    Test worker] o.s.s.web.DefaultSecurityFilterChain     : Will secure any request with [org.springframework.security.web.context.request.async.WebAsyncManagerIntegrationFilter@26afa04a, org.springframework.security.web.context.SecurityContextPersistenceFilter@70daf9a, org.springframework.security.web.header.HeaderWriterFilter@1aeda29e, org.springframework.security.web.csrf.CsrfFilter@68b5d9d2, org.springframework.security.web.authentication.logout.LogoutFilter@4ac25e30, org.springframework.security.oauth2.client.web.OAuth2AuthorizationRequestRedirectFilter@73e7156c, org.springframework.security.oauth2.client.web.OAuth2AuthorizationRequestRedirectFilter@1fb55234, org.springframework.security.oauth2.client.web.OAuth2LoginAuthenticationFilter@4d38c98, org.springframework.security.web.authentication.ui.DefaultLoginPageGeneratingFilter@6e64fd38, org.springframework.security.web.authentication.ui.DefaultLogoutPageGeneratingFilter@19f15ec1, org.springframework.security.web.savedrequest.RequestCacheAwareFilter@f4568f8, org.springframework.security.web.servletapi.SecurityContextHolderAwareRequestFilter@784bd2dc, org.springframework.security.web.authentication.AnonymousAuthenticationFilter@417f2b81, org.springframework.security.oauth2.client.web.OAuth2AuthorizationCodeGrantFilter@5ed0c0ce, org.springframework.security.web.session.SessionManagementFilter@5cd08358, org.springframework.security.web.access.ExceptionTranslationFilter@69fc2784, org.springframework.security.web.access.intercept.FilterSecurityInterceptor@33251b05]
2021-09-13 20:37:48.811  INFO 2948 --- [    Test worker] o.s.b.t.m.w.SpringBootMockServletContext : Initializing Spring TestDispatcherServlet ''
2021-09-13 20:37:48.811  INFO 2948 --- [    Test worker] o.s.t.web.servlet.TestDispatcherServlet  : Initializing Servlet ''
2021-09-13 20:37:48.812  INFO 2948 --- [    Test worker] o.s.t.web.servlet.TestDispatcherServlet  : Completed initialization in 0 ms
2021-09-13 20:37:48.835  INFO 2948 --- [    Test worker] c.j.b.s.web.HelloControllerTest          : Started HelloControllerTest in 1.736 seconds (JVM running for 19.547)
]]></system-out>
  <system-err><![CDATA[]]></system-err>
</testsuite>
